[2026-02-05 09:45:19] DECISION: Starting parallel implementation orchestration
[2026-02-05 09:45:19] DECISION: Max parallel agents: 16
[2026-02-05 09:45:19] DECISION: Agent assignment: Codex (implementation), Claude (research/docs), Multi-agent (review)
[2026-02-05 09:45:19] ======================================================================
[2026-02-05 09:45:19] RUNNING STAGE 5 ONLY (INTEGRATION AND TESTING)
[2026-02-05 09:45:19] ======================================================================
[2026-02-05 09:45:19] ==========================================
[2026-02-05 09:45:19] STAGE 5: INTEGRATION AND TESTING
[2026-02-05 09:45:19] ==========================================
[2026-02-05 09:45:19] Phase 5a: Core Test Suites (parallel)
[2026-02-05 09:45:19] PROGRESS: Starting task test-unit with codex agent
[2026-02-05 09:45:19] FACT: Task test-unit started (PID: 45292)
[2026-02-05 09:45:19] PROGRESS: Starting task test-integration with codex agent
[2026-02-05 09:45:19] FACT: Task test-integration started (PID: 45303)
[2026-02-05 09:45:19] PROGRESS: Starting task test-docker with codex agent
[2026-02-05 09:45:19] FACT: Task test-docker started (PID: 45320)
RUN_ID=run_20260205-084519-45292
RUN_DIR=/Users/jonnyzzz/Work/conductor-loop/runs/run_20260205-084519-45292
[2026-02-05 09:45:19] PROGRESS: Waiting for 3 test suites to complete (timeout: 3600s)...
PID=45341
RUN_ID=run_20260205-084519-45303
RUN_DIR=/Users/jonnyzzz/Work/conductor-loop/runs/run_20260205-084519-45303
[2026-02-05 09:45:19] PROGRESS: Waiting for 3 tasks to complete (timeout: 3600s)...
PID=45350
RUN_ID=run_20260205-084519-45320
RUN_DIR=/Users/jonnyzzz/Work/conductor-loop/runs/run_20260205-084519-45320
PID=45359
[0;31m[ERROR][0m TIMEOUT: Stage exceeded 3600s
[0;31m[ERROR][0m Task test-unit failed
[0;31m[ERROR][0m Task test-unit failed
[0;32m[SUCCESS][0m Task test-integration completed successfully
[0;32m[SUCCESS][0m Task test-docker completed successfully
[0;31m[ERROR][0m Stage 5 Phase 5a failed: Core test suites failed
[0;31m[ERROR][0m Stage 5 (Integration and Testing) failed
